2022.11.10 20:52:13 INFO  es[][o.e.n.Node] initializing ...
2022.11.10 20:52:13 INFO  es[][o.e.e.NodeEnvironment] using [1] data paths, mounts [[/System/Volumes/Data (/dev/disk1s2)]], net usable_space [645.1gb], net total_space [931.5gb], spins? [unknown], types [apfs]
2022.11.10 20:52:13 INFO  es[][o.e.e.NodeEnvironment] heap size [494.9mb], compressed ordinary object pointers [true]
2022.11.10 20:52:13 INFO  es[][o.e.n.Node] node name [sonarqube], node ID [L6vtWiv4S1GdDnJWjQHhtw]
2022.11.10 20:52:13 INFO  es[][o.e.n.Node] version[5.6.3], pid[17790], build[1a2f265/2017-10-06T20:33:39.012Z], OS[Mac OS X/12.6/x86_64], JVM[Oracle Corporation/Java HotSpot(TM) 64-Bit Server VM/11.0.17/11.0.17+10-LTS-269]
2022.11.10 20:52:13 INFO  es[][o.e.n.Node] JVM arguments [-XX:+UseConcMarkSweepGC, -XX:CMSInitiatingOccupancyFraction=75, -XX:+UseCMSInitiatingOccupancyOnly, -XX:+AlwaysPreTouch, -Xss1m, -Djava.awt.headless=true, -Dfile.encoding=UTF-8, -Djna.nosys=true, -Djdk.io.permissionsUseCanonicalPath=true, -Dio.netty.noUnsafe=true, -Dio.netty.noKeySetOptimization=true, -Dio.netty.recycler.maxCapacityPerThread=0, -Dlog4j.shutdownHookEnabled=false, -Dlog4j2.disable.jmx=true, -Dlog4j.skipJansi=true, -Xms512m, -Xmx512m, -XX:+HeapDumpOnOutOfMemoryError, -Des.path.home=/Applications/Sonarqube/elasticsearch]
2022.11.10 20:52:13 INFO  es[][o.e.p.PluginsService] loaded module [aggs-matrix-stats]
2022.11.10 20:52:13 INFO  es[][o.e.p.PluginsService] loaded module [ingest-common]
2022.11.10 20:52:13 INFO  es[][o.e.p.PluginsService] loaded module [parent-join]
2022.11.10 20:52:13 INFO  es[][o.e.p.PluginsService] loaded module [percolator]
2022.11.10 20:52:13 INFO  es[][o.e.p.PluginsService] loaded module [reindex]
2022.11.10 20:52:13 INFO  es[][o.e.p.PluginsService] loaded module [transport-netty4]
2022.11.10 20:52:13 INFO  es[][o.e.p.PluginsService] no plugins loaded
2022.11.10 20:52:14 INFO  es[][o.e.d.DiscoveryModule] using discovery type [zen]
2022.11.10 20:52:15 INFO  es[][o.e.n.Node] initialized
2022.11.10 20:52:15 INFO  es[][o.e.n.Node] starting ...
2022.11.10 20:52:15 INFO  es[][o.e.t.TransportService] publish_address {127.0.0.1:9001}, bound_addresses {127.0.0.1:9001}
2022.11.10 20:52:18 INFO  es[][o.e.c.s.ClusterService] new_master {sonarqube}{L6vtWiv4S1GdDnJWjQHhtw}{7CBgruGsSMKqY9XkGLDoBA}{127.0.0.1}{127.0.0.1:9001}{rack_id=sonarqube}, reason: zen-disco-elected-as-master ([0] nodes joined)
2022.11.10 20:52:18 INFO  es[][o.e.n.Node] started
2022.11.10 20:52:18 INFO  es[][o.e.g.GatewayService] recovered [0] indices into cluster_state
2022.11.10 20:52:24 INFO  es[][o.e.c.m.MetaDataCreateIndexService] [metadatas] creating index, cause [api], templates [], shards [1]/[0], mappings []
2022.11.10 20:52:24 INFO  es[][o.e.c.r.a.AllocationService] Cluster health status changed from [YELLOW] to [GREEN] (reason: [shards started [[metadatas][0]] ...]).
2022.11.10 20:52:24 INFO  es[][o.e.c.m.MetaDataMappingService] [metadatas/pEIOOrPdS1i_exH_marG8g] create_mapping [metadata]
2022.11.10 20:52:25 INFO  es[][o.e.c.m.MetaDataCreateIndexService] [components] creating index, cause [api], templates [], shards [5]/[0], mappings []
2022.11.10 20:52:26 INFO  es[][o.e.c.r.a.AllocationService] Cluster health status changed from [YELLOW] to [GREEN] (reason: [shards started [[components][4]] ...]).
2022.11.10 20:52:26 INFO  es[][o.e.c.m.MetaDataMappingService] [components/chKiw9JHS9SSYhX5LmeYxg] create_mapping [component]
2022.11.10 20:52:26 INFO  es[][o.e.c.m.MetaDataMappingService] [components/chKiw9JHS9SSYhX5LmeYxg] create_mapping [authorization]
2022.11.10 20:52:26 INFO  es[][o.e.c.m.MetaDataCreateIndexService] [tests] creating index, cause [api], templates [], shards [5]/[0], mappings []
2022.11.10 20:52:27 INFO  es[][o.e.c.r.a.AllocationService] Cluster health status changed from [YELLOW] to [GREEN] (reason: [shards started [[tests][4]] ...]).
2022.11.10 20:52:27 INFO  es[][o.e.c.m.MetaDataMappingService] [tests/IREsiE1JQOmv3kI4O-2TwA] create_mapping [test]
2022.11.10 20:52:27 INFO  es[][o.e.c.m.MetaDataCreateIndexService] [projectmeasures] creating index, cause [api], templates [], shards [5]/[0], mappings []
2022.11.10 20:52:28 INFO  es[][o.e.c.r.a.AllocationService] Cluster health status changed from [YELLOW] to [GREEN] (reason: [shards started [[projectmeasures][4]] ...]).
2022.11.10 20:52:28 INFO  es[][o.e.c.m.MetaDataMappingService] [projectmeasures/0UTRtxaiQ56YsTzDDCvAMw] create_mapping [projectmeasure]
2022.11.10 20:52:28 INFO  es[][o.e.c.m.MetaDataMappingService] [projectmeasures/0UTRtxaiQ56YsTzDDCvAMw] create_mapping [authorization]
2022.11.10 20:52:28 INFO  es[][o.e.c.m.MetaDataCreateIndexService] [rules] creating index, cause [api], templates [], shards [2]/[0], mappings []
2022.11.10 20:52:29 INFO  es[][o.e.c.r.a.AllocationService] Cluster health status changed from [YELLOW] to [GREEN] (reason: [shards started [[rules][0]] ...]).
2022.11.10 20:52:29 INFO  es[][o.e.c.m.MetaDataMappingService] [rules/YJRkl8XKTVq75iBMpiiVWA] create_mapping [activeRule]
2022.11.10 20:52:29 INFO  es[][o.e.c.m.MetaDataMappingService] [rules/YJRkl8XKTVq75iBMpiiVWA] create_mapping [ruleExtension]
2022.11.10 20:52:29 INFO  es[][o.e.c.m.MetaDataMappingService] [rules/YJRkl8XKTVq75iBMpiiVWA] create_mapping [rule]
2022.11.10 20:52:29 INFO  es[][o.e.c.m.MetaDataCreateIndexService] [issues] creating index, cause [api], templates [], shards [5]/[0], mappings []
2022.11.10 20:52:30 INFO  es[][o.e.c.r.a.AllocationService] Cluster health status changed from [YELLOW] to [GREEN] (reason: [shards started [[issues][4]] ...]).
2022.11.10 20:52:30 INFO  es[][o.e.c.m.MetaDataMappingService] [issues/OhdXlu8IRwe-0uvWdRPFwg] create_mapping [issue]
2022.11.10 20:52:30 INFO  es[][o.e.c.m.MetaDataMappingService] [issues/OhdXlu8IRwe-0uvWdRPFwg] create_mapping [authorization]
2022.11.10 20:52:30 INFO  es[][o.e.c.m.MetaDataCreateIndexService] [users] creating index, cause [api], templates [], shards [1]/[0], mappings []
2022.11.10 20:52:31 INFO  es[][o.e.c.r.a.AllocationService] Cluster health status changed from [YELLOW] to [GREEN] (reason: [shards started [[users][0]] ...]).
2022.11.10 20:52:31 INFO  es[][o.e.c.m.MetaDataMappingService] [users/UHbnAH3BTd-gwCUUTk4AMw] create_mapping [user]
2022.11.10 20:52:31 INFO  es[][o.e.c.m.MetaDataCreateIndexService] [views] creating index, cause [api], templates [], shards [5]/[0], mappings []
2022.11.10 20:52:32 INFO  es[][o.e.c.r.a.AllocationService] Cluster health status changed from [YELLOW] to [GREEN] (reason: [shards started [[views][4]] ...]).
2022.11.10 20:52:32 INFO  es[][o.e.c.m.MetaDataMappingService] [views/8KmK-f3rTp-f7gof3BxD6w] create_mapping [view]
2022.11.10 20:52:50 INFO  es[][o.e.c.s.IndexScopedSettings] updating [index.refresh_interval] from [30s] to [-1]
2022.11.10 20:52:50 INFO  es[][o.e.c.s.IndexScopedSettings] updating [index.refresh_interval] from [30s] to [-1]
2022.11.10 20:52:50 INFO  es[][o.e.c.s.IndexScopedSettings] updating [index.refresh_interval] from [-1] to [30s]
2022.11.10 20:52:50 INFO  es[][o.e.c.s.IndexScopedSettings] updating [index.refresh_interval] from [-1] to [30s]
2022.11.10 20:52:51 INFO  es[][o.e.c.s.IndexScopedSettings] updating [index.refresh_interval] from [30s] to [-1]
2022.11.10 20:52:51 INFO  es[][o.e.c.s.IndexScopedSettings] updating [index.refresh_interval] from [30s] to [-1]
2022.11.10 20:52:51 INFO  es[][o.e.c.s.IndexScopedSettings] updating [index.refresh_interval] from [-1] to [30s]
2022.11.10 20:52:51 INFO  es[][o.e.c.s.IndexScopedSettings] updating [index.refresh_interval] from [-1] to [30s]
2022.11.10 21:07:54 INFO  es[][o.e.n.Node] stopping ...
2022.11.10 21:07:54 INFO  es[][o.e.n.Node] stopped
2022.11.10 21:07:54 INFO  es[][o.e.n.Node] closing ...
2022.11.10 21:07:54 INFO  es[][o.e.n.Node] closed
2022.11.10 21:08:46 INFO  es[][o.e.n.Node] initializing ...
2022.11.10 21:08:46 INFO  es[][o.e.e.NodeEnvironment] using [1] data paths, mounts [[/System/Volumes/Data (/dev/disk1s2)]], net usable_space [642gb], net total_space [931.5gb], spins? [unknown], types [apfs]
2022.11.10 21:08:46 INFO  es[][o.e.e.NodeEnvironment] heap size [494.9mb], compressed ordinary object pointers [true]
2022.11.10 21:08:46 INFO  es[][o.e.n.Node] node name [sonarqube], node ID [L6vtWiv4S1GdDnJWjQHhtw]
2022.11.10 21:08:46 INFO  es[][o.e.n.Node] version[5.6.3], pid[19444], build[1a2f265/2017-10-06T20:33:39.012Z], OS[Mac OS X/12.6/x86_64], JVM[Oracle Corporation/Java HotSpot(TM) 64-Bit Server VM/11.0.17/11.0.17+10-LTS-269]
2022.11.10 21:08:46 INFO  es[][o.e.n.Node] JVM arguments [-XX:+UseConcMarkSweepGC, -XX:CMSInitiatingOccupancyFraction=75, -XX:+UseCMSInitiatingOccupancyOnly, -XX:+AlwaysPreTouch, -Xss1m, -Djava.awt.headless=true, -Dfile.encoding=UTF-8, -Djna.nosys=true, -Djdk.io.permissionsUseCanonicalPath=true, -Dio.netty.noUnsafe=true, -Dio.netty.noKeySetOptimization=true, -Dio.netty.recycler.maxCapacityPerThread=0, -Dlog4j.shutdownHookEnabled=false, -Dlog4j2.disable.jmx=true, -Dlog4j.skipJansi=true, -Xms512m, -Xmx512m, -XX:+HeapDumpOnOutOfMemoryError, -Des.path.home=/Applications/Sonarqube/elasticsearch]
2022.11.10 21:08:46 INFO  es[][o.e.p.PluginsService] loaded module [aggs-matrix-stats]
2022.11.10 21:08:46 INFO  es[][o.e.p.PluginsService] loaded module [ingest-common]
2022.11.10 21:08:46 INFO  es[][o.e.p.PluginsService] loaded module [parent-join]
2022.11.10 21:08:46 INFO  es[][o.e.p.PluginsService] loaded module [percolator]
2022.11.10 21:08:46 INFO  es[][o.e.p.PluginsService] loaded module [reindex]
2022.11.10 21:08:46 INFO  es[][o.e.p.PluginsService] loaded module [transport-netty4]
2022.11.10 21:08:46 INFO  es[][o.e.p.PluginsService] no plugins loaded
2022.11.10 21:08:47 INFO  es[][o.e.d.DiscoveryModule] using discovery type [zen]
2022.11.10 21:08:48 INFO  es[][o.e.n.Node] initialized
2022.11.10 21:08:48 INFO  es[][o.e.n.Node] starting ...
2022.11.10 21:08:48 INFO  es[][o.e.t.TransportService] publish_address {127.0.0.1:9001}, bound_addresses {127.0.0.1:9001}
2022.11.10 21:08:51 INFO  es[][o.e.c.s.ClusterService] new_master {sonarqube}{L6vtWiv4S1GdDnJWjQHhtw}{9sy4TBzAQn2Vufb8BbmYeQ}{127.0.0.1}{127.0.0.1:9001}{rack_id=sonarqube}, reason: zen-disco-elected-as-master ([0] nodes joined)
2022.11.10 21:08:51 INFO  es[][o.e.n.Node] started
2022.11.10 21:08:52 INFO  es[][o.e.g.GatewayService] recovered [8] indices into cluster_state
2022.11.10 21:08:55 INFO  es[][o.e.c.r.a.AllocationService] Cluster health status changed from [RED] to [GREEN] (reason: [shards started [[tests][4], [metadatas][0], [components][3], [components][0]] ...]).
