2022.11.11 01:29:38 INFO  es[][o.e.n.Node] stopping ...
2022.11.11 01:29:38 INFO  es[][o.e.n.Node] stopped
2022.11.11 01:29:38 INFO  es[][o.e.n.Node] closing ...
2022.11.11 01:29:38 INFO  es[][o.e.n.Node] closed
2022.11.11 01:30:11 INFO  es[][o.e.n.Node] initializing ...
2022.11.11 01:30:11 INFO  es[][o.e.e.NodeEnvironment] using [1] data paths, mounts [[/System/Volumes/Data (/dev/disk1s2)]], net usable_space [637.8gb], net total_space [931.5gb], spins? [unknown], types [apfs]
2022.11.11 01:30:11 INFO  es[][o.e.e.NodeEnvironment] heap size [494.9mb], compressed ordinary object pointers [true]
2022.11.11 01:30:11 INFO  es[][o.e.n.Node] node name [sonarqube], node ID [L6vtWiv4S1GdDnJWjQHhtw]
2022.11.11 01:30:11 INFO  es[][o.e.n.Node] version[5.6.3], pid[41555], build[1a2f265/2017-10-06T20:33:39.012Z], OS[Mac OS X/12.6/x86_64], JVM[Oracle Corporation/Java HotSpot(TM) 64-Bit Server VM/11.0.17/11.0.17+10-LTS-269]
2022.11.11 01:30:11 INFO  es[][o.e.n.Node] JVM arguments [-XX:+UseConcMarkSweepGC, -XX:CMSInitiatingOccupancyFraction=75, -XX:+UseCMSInitiatingOccupancyOnly, -XX:+AlwaysPreTouch, -Xss1m, -Djava.awt.headless=true, -Dfile.encoding=UTF-8, -Djna.nosys=true, -Djdk.io.permissionsUseCanonicalPath=true, -Dio.netty.noUnsafe=true, -Dio.netty.noKeySetOptimization=true, -Dio.netty.recycler.maxCapacityPerThread=0, -Dlog4j.shutdownHookEnabled=false, -Dlog4j2.disable.jmx=true, -Dlog4j.skipJansi=true, -Xms512m, -Xmx512m, -XX:+HeapDumpOnOutOfMemoryError, -Des.path.home=/Applications/Sonarqube/elasticsearch]
2022.11.11 01:30:11 INFO  es[][o.e.p.PluginsService] loaded module [aggs-matrix-stats]
2022.11.11 01:30:11 INFO  es[][o.e.p.PluginsService] loaded module [ingest-common]
2022.11.11 01:30:11 INFO  es[][o.e.p.PluginsService] loaded module [parent-join]
2022.11.11 01:30:11 INFO  es[][o.e.p.PluginsService] loaded module [percolator]
2022.11.11 01:30:11 INFO  es[][o.e.p.PluginsService] loaded module [reindex]
2022.11.11 01:30:11 INFO  es[][o.e.p.PluginsService] loaded module [transport-netty4]
2022.11.11 01:30:11 INFO  es[][o.e.p.PluginsService] no plugins loaded
2022.11.11 01:30:13 INFO  es[][o.e.d.DiscoveryModule] using discovery type [zen]
2022.11.11 01:30:13 INFO  es[][o.e.n.Node] initialized
2022.11.11 01:30:13 INFO  es[][o.e.n.Node] starting ...
2022.11.11 01:30:13 INFO  es[][o.e.t.TransportService] publish_address {127.0.0.1:9001}, bound_addresses {127.0.0.1:9001}
2022.11.11 01:30:16 INFO  es[][o.e.c.s.ClusterService] new_master {sonarqube}{L6vtWiv4S1GdDnJWjQHhtw}{-6lgS-ZsRQWzaBF2uLKXng}{127.0.0.1}{127.0.0.1:9001}{rack_id=sonarqube}, reason: zen-disco-elected-as-master ([0] nodes joined)
2022.11.11 01:30:16 INFO  es[][o.e.n.Node] started
2022.11.11 01:30:17 INFO  es[][o.e.g.GatewayService] recovered [8] indices into cluster_state
2022.11.11 01:30:21 INFO  es[][o.e.c.r.a.AllocationService] Cluster health status changed from [RED] to [GREEN] (reason: [shards started [[components][1], [metadatas][0]] ...]).
