--> Wrapper Started as Console
Launching a JVM...
Wrapper (Version 3.2.3) http://wrapper.tanukisoftware.org
  Copyright 1999-2006 Tanuki Software, Inc.  All Rights Reserved.

2022.11.10 20:52:11 INFO  app[][o.s.a.AppFileSystem] Cleaning or creating temp directory /Applications/Sonarqube/temp
2022.11.10 20:52:11 INFO  app[][o.s.a.es.EsSettings] Elasticsearch listening on /127.0.0.1:9001
2022.11.10 20:52:11 INFO  app[][o.s.a.p.ProcessLauncherImpl] Launch process[[key='es', ipcIndex=1, logFilenamePrefix=es]] from [/Applications/Sonarqube/elasticsearch]: /Applications/Sonarqube/elasticsearch/bin/elasticsearch -Epath.conf=/Applications/Sonarqube/temp/conf/es
2022.11.10 20:52:11 INFO  app[][o.s.a.SchedulerImpl] Waiting for Elasticsearch to be up and running
Java HotSpot(TM) 64-Bit Server VM warning: Option UseConcMarkSweepGC was deprecated in version 9.0 and will likely be removed in a future release.
2022.11.10 20:52:12 INFO  app[][o.e.p.PluginsService] no modules loaded
2022.11.10 20:52:12 INFO  app[][o.e.p.PluginsService] loaded plugin [org.elasticsearch.transport.Netty4Plugin]
WARNING: An illegal reflective access operation has occurred
WARNING: Illegal reflective access by io.netty.util.internal.ReflectionUtil (file:/Applications/Sonarqube/lib/common/netty-common-4.1.13.Final.jar) to constructor java.nio.DirectByteBuffer(long,int)
WARNING: Please consider reporting this to the maintainers of io.netty.util.internal.ReflectionUtil
WARNING: Use --illegal-access=warn to enable warnings of further illegal reflective access operations
WARNING: All illegal access operations will be denied in a future release
2022.11.10 20:52:18 INFO  app[][o.s.a.SchedulerImpl] Process[es] is up
2022.11.10 20:52:18 INFO  app[][o.s.a.p.ProcessLauncherImpl] Launch process[[key='web', ipcIndex=2, logFilenamePrefix=web]] from [/Applications/Sonarqube]: /Library/Java/JavaVirtualMachines/jdk-11.0.17.jdk/Contents/Home/bin/java -Djava.awt.headless=true -Dfile.encoding=UTF-8 -Djava.io.tmpdir=/Applications/Sonarqube/temp -Xmx512m -Xms128m -XX:+HeapDumpOnOutOfMemoryError -cp ./lib/common/*:/Applications/Sonarqube/lib/jdbc/h2/h2-1.3.176.jar org.sonar.server.app.WebServer /Applications/Sonarqube/temp/sq-process6315350995867730142properties
WARNING: An illegal reflective access operation has occurred
WARNING: Illegal reflective access by io.netty.util.internal.ReflectionUtil (file:/Applications/Sonarqube/lib/common/netty-common-4.1.13.Final.jar) to constructor java.nio.DirectByteBuffer(long,int)
WARNING: Please consider reporting this to the maintainers of io.netty.util.internal.ReflectionUtil
WARNING: Use --illegal-access=warn to enable warnings of further illegal reflective access operations
WARNING: All illegal access operations will be denied in a future release
2022.11.10 20:52:52 INFO  app[][o.s.a.SchedulerImpl] Process[web] is up
2022.11.10 20:52:52 INFO  app[][o.s.a.p.ProcessLauncherImpl] Launch process[[key='ce', ipcIndex=3, logFilenamePrefix=ce]] from [/Applications/Sonarqube]: /Library/Java/JavaVirtualMachines/jdk-11.0.17.jdk/Contents/Home/bin/java -Djava.awt.headless=true -Dfile.encoding=UTF-8 -Djava.io.tmpdir=/Applications/Sonarqube/temp -Xmx512m -Xms128m -XX:+HeapDumpOnOutOfMemoryError -cp ./lib/common/*:/Applications/Sonarqube/lib/jdbc/h2/h2-1.3.176.jar org.sonar.ce.app.CeServer /Applications/Sonarqube/temp/sq-process13403750672829417817properties
WARNING: An illegal reflective access operation has occurred
WARNING: Illegal reflective access by io.netty.util.internal.ReflectionUtil (file:/Applications/Sonarqube/lib/common/netty-common-4.1.13.Final.jar) to constructor java.nio.DirectByteBuffer(long,int)
WARNING: Please consider reporting this to the maintainers of io.netty.util.internal.ReflectionUtil
WARNING: Use --illegal-access=warn to enable warnings of further illegal reflective access operations
WARNING: All illegal access operations will be denied in a future release
2022.11.10 20:52:56 INFO  app[][o.s.a.SchedulerImpl] Process[ce] is up
2022.11.10 20:52:56 INFO  app[][o.s.a.SchedulerImpl] SonarQube is up
2022.11.10 21:07:54 WARN  app[][o.s.a.p.AbstractProcessMonitor] Process exited with exit value [es]: 129
2022.11.10 21:07:54 INFO  app[][o.s.a.SchedulerImpl] Process [es] is stopped
2022.11.10 21:07:57 WARN  app[][o.s.a.p.AbstractProcessMonitor] Process exited with exit value [ce]: 129
2022.11.10 21:07:57 INFO  app[][o.s.a.SchedulerImpl] Process [ce] is stopped
2022.11.10 21:07:57 WARN  app[][o.s.a.p.AbstractProcessMonitor] Process exited with exit value [ce]: 129
2022.11.10 21:07:57 WARN  app[][o.s.a.p.AbstractProcessMonitor] Process exited with exit value [web]: 129
2022.11.10 21:07:57 WARN  app[][o.s.a.p.AbstractProcessMonitor] Process exited with exit value [web]: 129
2022.11.10 21:07:57 INFO  app[][o.s.a.SchedulerImpl] Process [web] is stopped
2022.11.10 21:07:57 INFO  app[][o.s.a.SchedulerImpl] SonarQube is stopped
<-- Wrapper Stopped
--> Wrapper Started as Console
Launching a JVM...
Wrapper (Version 3.2.3) http://wrapper.tanukisoftware.org
  Copyright 1999-2006 Tanuki Software, Inc.  All Rights Reserved.

2022.11.10 21:08:45 INFO  app[][o.s.a.AppFileSystem] Cleaning or creating temp directory /Applications/Sonarqube/temp
2022.11.10 21:08:45 INFO  app[][o.s.a.es.EsSettings] Elasticsearch listening on /127.0.0.1:9001
2022.11.10 21:08:45 INFO  app[][o.s.a.p.ProcessLauncherImpl] Launch process[[key='es', ipcIndex=1, logFilenamePrefix=es]] from [/Applications/Sonarqube/elasticsearch]: /Applications/Sonarqube/elasticsearch/bin/elasticsearch -Epath.conf=/Applications/Sonarqube/temp/conf/es
2022.11.10 21:08:45 INFO  app[][o.s.a.SchedulerImpl] Waiting for Elasticsearch to be up and running
Java HotSpot(TM) 64-Bit Server VM warning: Option UseConcMarkSweepGC was deprecated in version 9.0 and will likely be removed in a future release.
2022.11.10 21:08:45 INFO  app[][o.e.p.PluginsService] no modules loaded
2022.11.10 21:08:45 INFO  app[][o.e.p.PluginsService] loaded plugin [org.elasticsearch.transport.Netty4Plugin]
WARNING: An illegal reflective access operation has occurred
WARNING: Illegal reflective access by io.netty.util.internal.ReflectionUtil (file:/Applications/Sonarqube/lib/common/netty-common-4.1.13.Final.jar) to constructor java.nio.DirectByteBuffer(long,int)
WARNING: Please consider reporting this to the maintainers of io.netty.util.internal.ReflectionUtil
WARNING: Use --illegal-access=warn to enable warnings of further illegal reflective access operations
WARNING: All illegal access operations will be denied in a future release
2022.11.10 21:08:55 INFO  app[][o.s.a.SchedulerImpl] Process[es] is up
2022.11.10 21:08:55 INFO  app[][o.s.a.p.ProcessLauncherImpl] Launch process[[key='web', ipcIndex=2, logFilenamePrefix=web]] from [/Applications/Sonarqube]: /Library/Java/JavaVirtualMachines/jdk-11.0.17.jdk/Contents/Home/bin/java -Djava.awt.headless=true -Dfile.encoding=UTF-8 -Djava.io.tmpdir=/Applications/Sonarqube/temp -Xmx512m -Xms128m -XX:+HeapDumpOnOutOfMemoryError -cp ./lib/common/*:/Applications/Sonarqube/lib/jdbc/h2/h2-1.3.176.jar org.sonar.server.app.WebServer /Applications/Sonarqube/temp/sq-process13510254032255819449properties
WARNING: An illegal reflective access operation has occurred
WARNING: Illegal reflective access by io.netty.util.internal.ReflectionUtil (file:/Applications/Sonarqube/lib/common/netty-common-4.1.13.Final.jar) to constructor java.nio.DirectByteBuffer(long,int)
WARNING: Please consider reporting this to the maintainers of io.netty.util.internal.ReflectionUtil
WARNING: Use --illegal-access=warn to enable warnings of further illegal reflective access operations
WARNING: All illegal access operations will be denied in a future release
2022.11.10 21:09:07 INFO  app[][o.s.a.SchedulerImpl] Process[web] is up
2022.11.10 21:09:07 INFO  app[][o.s.a.p.ProcessLauncherImpl] Launch process[[key='ce', ipcIndex=3, logFilenamePrefix=ce]] from [/Applications/Sonarqube]: /Library/Java/JavaVirtualMachines/jdk-11.0.17.jdk/Contents/Home/bin/java -Djava.awt.headless=true -Dfile.encoding=UTF-8 -Djava.io.tmpdir=/Applications/Sonarqube/temp -Xmx512m -Xms128m -XX:+HeapDumpOnOutOfMemoryError -cp ./lib/common/*:/Applications/Sonarqube/lib/jdbc/h2/h2-1.3.176.jar org.sonar.ce.app.CeServer /Applications/Sonarqube/temp/sq-process1924860273278110272properties
WARNING: An illegal reflective access operation has occurred
WARNING: Illegal reflective access by io.netty.util.internal.ReflectionUtil (file:/Applications/Sonarqube/lib/common/netty-common-4.1.13.Final.jar) to constructor java.nio.DirectByteBuffer(long,int)
WARNING: Please consider reporting this to the maintainers of io.netty.util.internal.ReflectionUtil
WARNING: Use --illegal-access=warn to enable warnings of further illegal reflective access operations
WARNING: All illegal access operations will be denied in a future release
2022.11.10 21:09:10 INFO  app[][o.s.a.SchedulerImpl] Process[ce] is up
2022.11.10 21:09:10 INFO  app[][o.s.a.SchedulerImpl] SonarQube is up
2022.11.11 01:29:38 WARN  app[][o.s.a.p.AbstractProcessMonitor] Process exited with exit value [es]: 129
2022.11.11 01:29:38 INFO  app[][o.s.a.SchedulerImpl] Process [es] is stopped
2022.11.11 01:29:40 WARN  app[][o.s.a.p.AbstractProcessMonitor] Process exited with exit value [ce]: 129
2022.11.11 01:29:40 WARN  app[][o.s.a.p.AbstractProcessMonitor] Process exited with exit value [ce]: 129
2022.11.11 01:29:40 INFO  app[][o.s.a.SchedulerImpl] Process [ce] is stopped
2022.11.11 01:29:41 WARN  app[][o.s.a.p.AbstractProcessMonitor] Process exited with exit value [web]: 129
2022.11.11 01:29:41 WARN  app[][o.s.a.p.AbstractProcessMonitor] Process exited with exit value [web]: 129
2022.11.11 01:29:41 INFO  app[][o.s.a.SchedulerImpl] Process [web] is stopped
2022.11.11 01:29:41 INFO  app[][o.s.a.SchedulerImpl] SonarQube is stopped
<-- Wrapper Stopped
--> Wrapper Started as Console
Launching a JVM...
Wrapper (Version 3.2.3) http://wrapper.tanukisoftware.org
  Copyright 1999-2006 Tanuki Software, Inc.  All Rights Reserved.

2022.11.11 01:30:09 INFO  app[][o.s.a.AppFileSystem] Cleaning or creating temp directory /Applications/Sonarqube/temp
2022.11.11 01:30:09 INFO  app[][o.s.a.es.EsSettings] Elasticsearch listening on /127.0.0.1:9001
2022.11.11 01:30:09 INFO  app[][o.s.a.p.ProcessLauncherImpl] Launch process[[key='es', ipcIndex=1, logFilenamePrefix=es]] from [/Applications/Sonarqube/elasticsearch]: /Applications/Sonarqube/elasticsearch/bin/elasticsearch -Epath.conf=/Applications/Sonarqube/temp/conf/es
2022.11.11 01:30:09 INFO  app[][o.s.a.SchedulerImpl] Waiting for Elasticsearch to be up and running
Java HotSpot(TM) 64-Bit Server VM warning: Option UseConcMarkSweepGC was deprecated in version 9.0 and will likely be removed in a future release.
2022.11.11 01:30:10 INFO  app[][o.e.p.PluginsService] no modules loaded
2022.11.11 01:30:10 INFO  app[][o.e.p.PluginsService] loaded plugin [org.elasticsearch.transport.Netty4Plugin]
WARNING: An illegal reflective access operation has occurred
WARNING: Illegal reflective access by io.netty.util.internal.ReflectionUtil (file:/Applications/Sonarqube/lib/common/netty-common-4.1.13.Final.jar) to constructor java.nio.DirectByteBuffer(long,int)
WARNING: Please consider reporting this to the maintainers of io.netty.util.internal.ReflectionUtil
WARNING: Use --illegal-access=warn to enable warnings of further illegal reflective access operations
WARNING: All illegal access operations will be denied in a future release
2022.11.11 01:30:21 INFO  app[][o.s.a.SchedulerImpl] Process[es] is up
2022.11.11 01:30:21 INFO  app[][o.s.a.p.ProcessLauncherImpl] Launch process[[key='web', ipcIndex=2, logFilenamePrefix=web]] from [/Applications/Sonarqube]: /Library/Java/JavaVirtualMachines/jdk-11.0.17.jdk/Contents/Home/bin/java -Djava.awt.headless=true -Dfile.encoding=UTF-8 -Djava.io.tmpdir=/Applications/Sonarqube/temp -Xmx512m -Xms128m -XX:+HeapDumpOnOutOfMemoryError -cp ./lib/common/*:/Applications/Sonarqube/lib/jdbc/h2/h2-1.3.176.jar org.sonar.server.app.WebServer /Applications/Sonarqube/temp/sq-process15633235811879329721properties
WARNING: An illegal reflective access operation has occurred
WARNING: Illegal reflective access by io.netty.util.internal.ReflectionUtil (file:/Applications/Sonarqube/lib/common/netty-common-4.1.13.Final.jar) to constructor java.nio.DirectByteBuffer(long,int)
WARNING: Please consider reporting this to the maintainers of io.netty.util.internal.ReflectionUtil
WARNING: Use --illegal-access=warn to enable warnings of further illegal reflective access operations
WARNING: All illegal access operations will be denied in a future release
2022.11.11 01:30:33 INFO  app[][o.s.a.SchedulerImpl] Process[web] is up
2022.11.11 01:30:33 INFO  app[][o.s.a.p.ProcessLauncherImpl] Launch process[[key='ce', ipcIndex=3, logFilenamePrefix=ce]] from [/Applications/Sonarqube]: /Library/Java/JavaVirtualMachines/jdk-11.0.17.jdk/Contents/Home/bin/java -Djava.awt.headless=true -Dfile.encoding=UTF-8 -Djava.io.tmpdir=/Applications/Sonarqube/temp -Xmx512m -Xms128m -XX:+HeapDumpOnOutOfMemoryError -cp ./lib/common/*:/Applications/Sonarqube/lib/jdbc/h2/h2-1.3.176.jar org.sonar.ce.app.CeServer /Applications/Sonarqube/temp/sq-process16035606762310669225properties
WARNING: An illegal reflective access operation has occurred
WARNING: Illegal reflective access by io.netty.util.internal.ReflectionUtil (file:/Applications/Sonarqube/lib/common/netty-common-4.1.13.Final.jar) to constructor java.nio.DirectByteBuffer(long,int)
WARNING: Please consider reporting this to the maintainers of io.netty.util.internal.ReflectionUtil
WARNING: Use --illegal-access=warn to enable warnings of further illegal reflective access operations
WARNING: All illegal access operations will be denied in a future release
2022.11.11 01:30:36 INFO  app[][o.s.a.SchedulerImpl] Process[ce] is up
2022.11.11 01:30:36 INFO  app[][o.s.a.SchedulerImpl] SonarQube is up
