2022.11.10 20:52:18 INFO  web[][o.s.p.ProcessEntryPoint] Starting web
2022.11.10 20:52:19 INFO  web[][o.a.t.u.n.NioSelectorPool] Using a shared selector for servlet write/read
2022.11.10 20:52:19 INFO  web[][o.e.p.PluginsService] no modules loaded
2022.11.10 20:52:19 INFO  web[][o.e.p.PluginsService] loaded plugin [org.elasticsearch.join.ParentJoinPlugin]
2022.11.10 20:52:19 INFO  web[][o.e.p.PluginsService] loaded plugin [org.elasticsearch.percolator.PercolatorPlugin]
2022.11.10 20:52:19 INFO  web[][o.e.p.PluginsService] loaded plugin [org.elasticsearch.transport.Netty4Plugin]
2022.11.10 20:52:20 INFO  web[][o.s.s.e.EsClientProvider] Connected to local Elasticsearch: [127.0.0.1:9001]
2022.11.10 20:52:20 INFO  web[][o.s.s.p.LogServerVersion] SonarQube Server / 7.6.0.21501 / d56689a5eb122c06cf87375828085609f5a68323
2022.11.10 20:52:21 INFO  web[][o.s.s.p.d.EmbeddedDatabase] Starting embedded database on port 9092 with url jdbc:h2:tcp://127.0.0.1:9092/sonar
2022.11.10 20:52:21 INFO  web[][o.s.s.p.d.EmbeddedDatabase] Embedded database started. Data stored in: /Applications/Sonarqube/data
2022.11.10 20:52:21 INFO  web[][o.sonar.db.Database] Create JDBC data source for jdbc:h2:tcp://127.0.0.1:9092/sonar
2022.11.10 20:52:21 WARN  web[][o.s.db.dialect.H2] H2 database should be used for evaluation purpose only.
2022.11.10 20:52:21 INFO  web[][o.s.s.p.ServerFileSystemImpl] SonarQube home: /Applications/Sonarqube
2022.11.10 20:52:21 INFO  web[][o.s.s.u.SystemPasscodeImpl] System authentication by passcode is disabled
2022.11.10 20:52:21 INFO  web[][o.s.s.p.d.m.h.MigrationHistoryTableImpl] Creating table schema_migrations
2022.11.10 20:52:21 INFO  web[][o.s.s.p.ServerPluginRepository] Deploy plugin Git / 1.7.0.1491 / 1d54e49a5f952dfb4ccded090f8043a2a62d0372
2022.11.10 20:52:21 INFO  web[][o.s.s.p.ServerPluginRepository] Deploy plugin JaCoCo / 1.0.1.143 / 65c55e41e32c114704fd597ccea91fc55becb4ec
2022.11.10 20:52:21 INFO  web[][o.s.s.p.ServerPluginRepository] Deploy plugin LDAP / 2.2.0.608 / 79dc3fa4393a29667673c70182f3016288b548b7
2022.11.10 20:52:21 INFO  web[][o.s.s.p.ServerPluginRepository] Deploy plugin SonarC# / 7.10.0.7896 / 4e51d150065288432fd1411d29d5aebf2ab7f133
2022.11.10 20:52:21 INFO  web[][o.s.s.p.ServerPluginRepository] Deploy plugin SonarCSS / 1.0.3.724 / 3ad5232345519caed38a24c70fb77e91757833bf
2022.11.10 20:52:21 INFO  web[][o.s.s.p.ServerPluginRepository] Deploy plugin SonarFlex / 2.4.0.1222 / 68d9cb3b7daccbc4869c4f2b89d09218d26a0829
2022.11.10 20:52:21 INFO  web[][o.s.s.p.ServerPluginRepository] Deploy plugin SonarGo / 1.1.0.1612 / 1809c7be6d88396c0a1b8d597b1e9e0ed8d29730
2022.11.10 20:52:21 INFO  web[][o.s.s.p.ServerPluginRepository] Deploy plugin SonarHTML / 3.1.0.1615 / 4181edb5eff5605bec82dc0aa15ecd70eaa5857f
2022.11.10 20:52:21 INFO  web[][o.s.s.p.ServerPluginRepository] Deploy plugin SonarJS / 5.0.0.6962 / ac2fe7567f3dfeb3295e2e710afd8c06b7760e9d
2022.11.10 20:52:21 INFO  web[][o.s.s.p.ServerPluginRepository] Deploy plugin SonarJava / 5.10.1.16922 / 448c4b8fce8d8ac53a9a7a7265d4de1c1ac87a4e
2022.11.10 20:52:21 INFO  web[][o.s.s.p.ServerPluginRepository] Deploy plugin SonarKotlin / 1.4.0.155 / f71ae433edd0c1f1dbab3fed4d755ef17aef8573
2022.11.10 20:52:21 INFO  web[][o.s.s.p.ServerPluginRepository] Deploy plugin SonarPHP / 2.16.0.4355 / 80c76cb14e9eae6bd982fa6ac8c39b2de1f89b6f
2022.11.10 20:52:21 INFO  web[][o.s.s.p.ServerPluginRepository] Deploy plugin SonarPython / 1.11.0.2473 / 3ec86bb66699ff9ccf2c00c84f360210eb3ffd8d
2022.11.10 20:52:21 INFO  web[][o.s.s.p.ServerPluginRepository] Deploy plugin SonarRuby / 1.4.0.155 / f71ae433edd0c1f1dbab3fed4d755ef17aef8573
2022.11.10 20:52:21 INFO  web[][o.s.s.p.ServerPluginRepository] Deploy plugin SonarScala / 1.4.0.155 / f71ae433edd0c1f1dbab3fed4d755ef17aef8573
2022.11.10 20:52:21 INFO  web[][o.s.s.p.ServerPluginRepository] Deploy plugin SonarTS / 1.9.0.3766 / 4a4080b78001a78d758d1d0fa0190fb9496b6f57
2022.11.10 20:52:21 INFO  web[][o.s.s.p.ServerPluginRepository] Deploy plugin SonarVB / 7.10.0.7896 / 4e51d150065288432fd1411d29d5aebf2ab7f133
2022.11.10 20:52:21 INFO  web[][o.s.s.p.ServerPluginRepository] Deploy plugin SonarXML / 2.0.1.2020 / c5b84004face582d56f110e24c29bf9c6a679e69
2022.11.10 20:52:21 INFO  web[][o.s.s.p.ServerPluginRepository] Deploy plugin Svn / 1.9.0.1295 / 942e075773975354e32691a60bfd968065703e04
2022.11.10 20:52:21 INFO  web[][o.s.s.p.ServerPluginRepository] Deploy plugin Swift (Backelite) / 0.4.6
2022.11.10 20:52:22 INFO  web[][o.s.s.p.d.m.AutoDbMigration] Automatically perform DB migration on fresh install
2022.11.10 20:52:23 INFO  web[][o.s.s.p.Platform] Database has been automatically updated
2022.11.10 20:52:23 INFO  web[][o.s.s.p.w.MasterServletFilter] Initializing servlet filter org.sonar.server.ws.WebServiceFilter@26fc91c5 [pattern=UrlPattern{inclusions=[/api/system/migrate_db.*, ...], exclusions=[/api/properties*, ...]}]
2022.11.10 20:52:23 INFO  web[][o.s.s.a.EmbeddedTomcat] HTTP connector enabled on port 9000
2022.11.10 20:52:23 INFO  web[][o.s.s.p.UpdateCenterClient] Update center: https://update.sonarsource.org/update-center.properties (no proxy)
2022.11.10 20:52:24 INFO  web[][o.s.s.e.IndexCreator] Create index metadatas
2022.11.10 20:52:24 INFO  web[][o.s.s.e.IndexCreator] Create type metadatas/metadata
2022.11.10 20:52:25 INFO  web[][o.s.s.e.IndexCreator] Create index components
2022.11.10 20:52:26 INFO  web[][o.s.s.e.IndexCreator] Create type components/component
2022.11.10 20:52:26 INFO  web[][o.s.s.e.IndexCreator] Create type components/authorization
2022.11.10 20:52:26 INFO  web[][o.s.s.e.IndexCreator] Create index tests
2022.11.10 20:52:27 INFO  web[][o.s.s.e.IndexCreator] Create type tests/test
2022.11.10 20:52:27 INFO  web[][o.s.s.e.IndexCreator] Create index projectmeasures
2022.11.10 20:52:28 INFO  web[][o.s.s.e.IndexCreator] Create type projectmeasures/projectmeasure
2022.11.10 20:52:28 INFO  web[][o.s.s.e.IndexCreator] Create type projectmeasures/authorization
2022.11.10 20:52:28 INFO  web[][o.s.s.e.IndexCreator] Create index rules
2022.11.10 20:52:29 INFO  web[][o.s.s.e.IndexCreator] Create type rules/activeRule
2022.11.10 20:52:29 INFO  web[][o.s.s.e.IndexCreator] Create type rules/ruleExtension
2022.11.10 20:52:29 INFO  web[][o.s.s.e.IndexCreator] Create type rules/rule
2022.11.10 20:52:29 INFO  web[][o.s.s.e.IndexCreator] Create index issues
2022.11.10 20:52:30 INFO  web[][o.s.s.e.IndexCreator] Create type issues/issue
2022.11.10 20:52:30 INFO  web[][o.s.s.e.IndexCreator] Create type issues/authorization
2022.11.10 20:52:30 INFO  web[][o.s.s.e.IndexCreator] Create index users
2022.11.10 20:52:31 INFO  web[][o.s.s.e.IndexCreator] Create type users/user
2022.11.10 20:52:31 INFO  web[][o.s.s.e.IndexCreator] Create index views
2022.11.10 20:52:32 INFO  web[][o.s.s.e.IndexCreator] Create type views/view
2022.11.10 20:52:32 INFO  web[][o.s.s.s.LogServerId] Server ID: BF41A1F2-AYRiIpCQopdA3gb8gHzr
2022.11.10 20:52:32 WARN  web[][o.s.a.s.w.WebService$Action] The response example is not set on action api/plugins/download
2022.11.10 20:52:32 WARN  web[][o.s.a.s.w.WebService$Action] The response example is not set on action api/permissions/search_templates
2022.11.10 20:52:32 INFO  web[][o.s.s.t.TelemetryDaemon] Sharing of SonarQube statistics is enabled.
2022.11.10 20:52:32 INFO  web[][o.s.s.n.NotificationDaemon] Notification service started (delay 60 sec.)
2022.11.10 20:52:32 INFO  web[][o.s.s.s.GeneratePluginIndex] Generate scanner plugin index
2022.11.10 20:52:32 INFO  web[][o.s.s.s.RegisterPlugins] Register plugins
2022.11.10 20:52:32 INFO  web[][o.s.s.s.RegisterMetrics] Register metrics
2022.11.10 20:52:32 INFO  web[][o.s.s.q.RegisterQualityGates] Built-in quality gate's conditions of [Sonar way] has been updated
2022.11.10 20:52:32 INFO  web[][o.s.s.r.RegisterRules] Register rules
2022.11.10 20:52:42 INFO  web[][o.s.s.q.BuiltInQProfileRepositoryImpl] Load quality profiles
2022.11.10 20:52:42 INFO  web[][c.b.s.s.i.SwiftProfile] Creating Swift Profile
2022.11.10 20:52:42 INFO  web[][c.b.s.o.i.ObjectiveCProfile] Creating Objective-C Profile
2022.11.10 20:52:42 INFO  web[][c.b.s.s.i.s.SwiftLintProfile] Creating SwiftLint Profile
2022.11.10 20:52:42 INFO  web[][c.b.s.s.i.t.TailorProfile] Creating Tailor Profile
2022.11.10 20:52:42 INFO  web[][c.b.s.o.i.o.OCLintProfile] Creating OCLint Profile
2022.11.10 20:52:42 INFO  web[][c.b.s.o.i.f.FauxPasProfile] Creating FauxPas Profile
2022.11.10 20:52:43 INFO  web[][o.s.s.q.RegisterQualityProfiles] Register quality profiles
2022.11.10 20:52:43 INFO  web[][o.s.s.q.RegisterQualityProfiles] Register profile css/Sonar way
2022.11.10 20:52:43 INFO  web[][o.s.s.q.RegisterQualityProfiles] Register profile scala/Sonar way
2022.11.10 20:52:44 INFO  web[][o.s.s.q.RegisterQualityProfiles] Register profile jsp/Sonar way
2022.11.10 20:52:44 INFO  web[][o.s.s.q.RegisterQualityProfiles] Register profile go/Sonar way
2022.11.10 20:52:44 INFO  web[][o.s.s.q.RegisterQualityProfiles] Register profile kotlin/Sonar way
2022.11.10 20:52:44 INFO  web[][o.s.s.q.RegisterQualityProfiles] Register profile js/Sonar way Recommended
2022.11.10 20:52:44 INFO  web[][o.s.s.q.RegisterQualityProfiles] Register profile js/Sonar way
2022.11.10 20:52:44 INFO  web[][o.s.s.q.RegisterQualityProfiles] Register profile py/Sonar way
2022.11.10 20:52:44 INFO  web[][o.s.s.q.RegisterQualityProfiles] Register profile ruby/Sonar way
2022.11.10 20:52:44 INFO  web[][o.s.s.q.RegisterQualityProfiles] Register profile cs/Sonar way
2022.11.10 20:52:44 INFO  web[][o.s.s.q.RegisterQualityProfiles] Register profile java/Sonar way
2022.11.10 20:52:45 INFO  web[][o.s.s.q.RegisterQualityProfiles] Register profile web/Sonar way
2022.11.10 20:52:45 INFO  web[][o.s.s.q.RegisterQualityProfiles] Register profile xml/Sonar way
2022.11.10 20:52:45 INFO  web[][o.s.s.q.RegisterQualityProfiles] Register profile flex/Sonar way
2022.11.10 20:52:45 INFO  web[][o.s.s.q.RegisterQualityProfiles] Register profile php/PSR-2
2022.11.10 20:52:45 INFO  web[][o.s.s.q.RegisterQualityProfiles] Register profile php/Drupal
2022.11.10 20:52:45 INFO  web[][o.s.s.q.RegisterQualityProfiles] Register profile php/Sonar way
2022.11.10 20:52:45 INFO  web[][o.s.s.q.RegisterQualityProfiles] Register profile vbnet/Sonar way
2022.11.10 20:52:46 INFO  web[][o.s.s.q.RegisterQualityProfiles] Register profile ts/Sonar way
2022.11.10 20:52:46 INFO  web[][o.s.s.q.RegisterQualityProfiles] Register profile ts/Sonar way recommended
2022.11.10 20:52:46 INFO  web[][o.s.s.q.RegisterQualityProfiles] Register profile objc/Objective-C
2022.11.10 20:52:46 INFO  web[][o.s.s.q.RegisterQualityProfiles] Register profile objc/OCLint
2022.11.10 20:52:46 INFO  web[][o.s.s.q.RegisterQualityProfiles] Register profile objc/FauxPas
2022.11.10 20:52:46 INFO  web[][o.s.s.q.RegisterQualityProfiles] Register profile swift/Swift
2022.11.10 20:52:47 INFO  web[][o.s.s.q.RegisterQualityProfiles] Register profile swift/SwiftLint
2022.11.10 20:52:47 INFO  web[][o.s.s.q.RegisterQualityProfiles] Register profile swift/Tailor
2022.11.10 20:52:47 INFO  web[][o.s.s.s.RegisterPermissionTemplates] Register permission templates
2022.11.10 20:52:47 INFO  web[][o.s.s.s.RenameDeprecatedPropertyKeys] Rename deprecated property keys
2022.11.10 20:52:47 INFO  web[][o.s.s.p.w.MasterServletFilter] Initializing servlet filter org.sonar.server.ws.WebServiceFilter@77897181 [pattern=UrlPattern{inclusions=[/api/issues/delete_comment.*, ...], exclusions=[/api/properties*, ...]}]
2022.11.10 20:52:47 INFO  web[][o.s.s.p.w.MasterServletFilter] Initializing servlet filter org.sonar.server.ws.DeprecatedPropertiesWsFilter@2108b9a6 [pattern=UrlPattern{inclusions=[/api/properties/*], exclusions=[]}]
2022.11.10 20:52:47 INFO  web[][o.s.s.p.w.MasterServletFilter] Initializing servlet filter org.sonar.server.ws.WebServiceReroutingFilter@36c13e9d [pattern=UrlPattern{inclusions=[/api/components/bulk_update_key, ...], exclusions=[]}]
2022.11.10 20:52:47 INFO  web[][o.s.s.p.w.MasterServletFilter] Initializing servlet filter org.sonar.server.authentication.InitFilter@38bfb923 [pattern=UrlPattern{inclusions=[/sessions/init/*], exclusions=[]}]
2022.11.10 20:52:47 INFO  web[][o.s.s.p.w.MasterServletFilter] Initializing servlet filter org.sonar.server.authentication.OAuth2CallbackFilter@1a1f5beb [pattern=UrlPattern{inclusions=[/oauth2/callback/*], exclusions=[]}]
2022.11.10 20:52:47 INFO  web[][o.s.s.p.w.MasterServletFilter] Initializing servlet filter org.sonar.server.authentication.ws.LoginAction@e3e6115 [pattern=UrlPattern{inclusions=[/api/authentication/login], exclusions=[]}]
2022.11.10 20:52:47 INFO  web[][o.s.s.p.w.MasterServletFilter] Initializing servlet filter org.sonar.server.authentication.ws.LogoutAction@66e36a4c [pattern=UrlPattern{inclusions=[/api/authentication/logout], exclusions=[]}]
2022.11.10 20:52:47 INFO  web[][o.s.s.p.w.MasterServletFilter] Initializing servlet filter org.sonar.server.authentication.ws.ValidateAction@3d7cec23 [pattern=UrlPattern{inclusions=[/api/authentication/validate], exclusions=[]}]
2022.11.10 20:52:47 INFO  web[][o.s.s.e.IndexerStartupTask] Indexing of type [rules/activeRule] ...
2022.11.10 20:52:48 INFO  web[][o.s.s.e.IndexerStartupTask] Indexing of type [rules/activeRule] done | time=1118ms
2022.11.10 20:52:48 INFO  web[][o.s.s.e.IndexerStartupTask] Indexing of types [rules/ruleExtension],[rules/rule] ...
2022.11.10 20:52:50 INFO  web[][o.s.s.e.IndexerStartupTask] Indexing of types [rules/ruleExtension],[rules/rule] done | time=2207ms
2022.11.10 20:52:50 INFO  web[][o.s.s.e.IndexerStartupTask] Indexing of type [users/user] ...
2022.11.10 20:52:51 INFO  web[][o.s.s.e.IndexerStartupTask] Indexing of type [users/user] done | time=351ms
2022.11.10 20:52:51 INFO  web[][o.s.s.e.IndexerStartupTask] Indexing of type [components/component] ...
2022.11.10 20:52:51 INFO  web[][o.s.s.e.IndexerStartupTask] Indexing of type [components/component] done | time=160ms
2022.11.10 20:52:51 INFO  web[][o.s.s.e.IndexerStartupTask] Indexing of type [views/view] ...
2022.11.10 20:52:51 INFO  web[][o.s.s.e.IndexerStartupTask] Indexing of type [views/view] done | time=160ms
2022.11.10 20:52:51 INFO  web[][o.s.s.e.IndexerStartupTask] Indexing of type [issues/issue] ...
2022.11.10 20:52:51 INFO  web[][o.s.s.e.IndexerStartupTask] Indexing of type [issues/issue] done | time=159ms
2022.11.10 20:52:51 INFO  web[][o.s.s.e.IndexerStartupTask] Indexing of types [components/authorization],[issues/authorization],[projectmeasures/authorization] ...
2022.11.10 20:52:51 INFO  web[][o.s.s.e.IndexerStartupTask] Indexing of types [components/authorization],[issues/authorization],[projectmeasures/authorization] done | time=180ms
2022.11.10 20:52:51 INFO  web[][o.s.s.e.IndexerStartupTask] Indexing of type [projectmeasures/projectmeasure] ...
2022.11.10 20:52:51 INFO  web[][o.s.s.e.IndexerStartupTask] Indexing of type [projectmeasures/projectmeasure] done | time=155ms
2022.11.10 20:52:51 INFO  web[][o.s.s.p.p.PlatformLevelStartup] Running Community Edition
2022.11.10 20:52:51 INFO  web[][o.s.s.p.Platform] WebServer is operational
2022.11.10 21:08:56 INFO  web[][o.s.p.ProcessEntryPoint] Starting web
2022.11.10 21:08:56 INFO  web[][o.a.t.u.n.NioSelectorPool] Using a shared selector for servlet write/read
2022.11.10 21:08:57 INFO  web[][o.e.p.PluginsService] no modules loaded
2022.11.10 21:08:57 INFO  web[][o.e.p.PluginsService] loaded plugin [org.elasticsearch.join.ParentJoinPlugin]
2022.11.10 21:08:57 INFO  web[][o.e.p.PluginsService] loaded plugin [org.elasticsearch.percolator.PercolatorPlugin]
2022.11.10 21:08:57 INFO  web[][o.e.p.PluginsService] loaded plugin [org.elasticsearch.transport.Netty4Plugin]
2022.11.10 21:08:57 INFO  web[][o.s.s.e.EsClientProvider] Connected to local Elasticsearch: [127.0.0.1:9001]
2022.11.10 21:08:57 INFO  web[][o.s.s.p.LogServerVersion] SonarQube Server / 7.6.0.21501 / d56689a5eb122c06cf87375828085609f5a68323
2022.11.10 21:08:58 INFO  web[][o.s.s.p.d.EmbeddedDatabase] Starting embedded database on port 9092 with url jdbc:h2:tcp://127.0.0.1:9092/sonar
2022.11.10 21:08:58 INFO  web[][o.s.s.p.d.EmbeddedDatabase] Embedded database started. Data stored in: /Applications/Sonarqube/data
2022.11.10 21:08:58 INFO  web[][o.sonar.db.Database] Create JDBC data source for jdbc:h2:tcp://127.0.0.1:9092/sonar
2022.11.10 21:08:58 WARN  web[][o.s.db.dialect.H2] H2 database should be used for evaluation purpose only.
2022.11.10 21:08:59 INFO  web[][o.s.s.p.ServerFileSystemImpl] SonarQube home: /Applications/Sonarqube
2022.11.10 21:08:59 INFO  web[][o.s.s.u.SystemPasscodeImpl] System authentication by passcode is disabled
2022.11.10 21:08:59 INFO  web[][o.s.s.p.ServerPluginRepository] Deploy plugin Git / 1.7.0.1491 / 1d54e49a5f952dfb4ccded090f8043a2a62d0372
2022.11.10 21:08:59 INFO  web[][o.s.s.p.ServerPluginRepository] Deploy plugin JaCoCo / 1.0.1.143 / 65c55e41e32c114704fd597ccea91fc55becb4ec
2022.11.10 21:08:59 INFO  web[][o.s.s.p.ServerPluginRepository] Deploy plugin LDAP / 2.2.0.608 / 79dc3fa4393a29667673c70182f3016288b548b7
2022.11.10 21:08:59 INFO  web[][o.s.s.p.ServerPluginRepository] Deploy plugin SonarC# / 7.10.0.7896 / 4e51d150065288432fd1411d29d5aebf2ab7f133
2022.11.10 21:08:59 INFO  web[][o.s.s.p.ServerPluginRepository] Deploy plugin SonarCSS / 1.0.3.724 / 3ad5232345519caed38a24c70fb77e91757833bf
2022.11.10 21:08:59 INFO  web[][o.s.s.p.ServerPluginRepository] Deploy plugin SonarFlex / 2.4.0.1222 / 68d9cb3b7daccbc4869c4f2b89d09218d26a0829
2022.11.10 21:08:59 INFO  web[][o.s.s.p.ServerPluginRepository] Deploy plugin SonarGo / 1.1.0.1612 / 1809c7be6d88396c0a1b8d597b1e9e0ed8d29730
2022.11.10 21:08:59 INFO  web[][o.s.s.p.ServerPluginRepository] Deploy plugin SonarHTML / 3.1.0.1615 / 4181edb5eff5605bec82dc0aa15ecd70eaa5857f
2022.11.10 21:08:59 INFO  web[][o.s.s.p.ServerPluginRepository] Deploy plugin SonarJS / 5.0.0.6962 / ac2fe7567f3dfeb3295e2e710afd8c06b7760e9d
2022.11.10 21:08:59 INFO  web[][o.s.s.p.ServerPluginRepository] Deploy plugin SonarJava / 5.10.1.16922 / 448c4b8fce8d8ac53a9a7a7265d4de1c1ac87a4e
2022.11.10 21:08:59 INFO  web[][o.s.s.p.ServerPluginRepository] Deploy plugin SonarKotlin / 1.4.0.155 / f71ae433edd0c1f1dbab3fed4d755ef17aef8573
2022.11.10 21:08:59 INFO  web[][o.s.s.p.ServerPluginRepository] Deploy plugin SonarPHP / 2.16.0.4355 / 80c76cb14e9eae6bd982fa6ac8c39b2de1f89b6f
2022.11.10 21:08:59 INFO  web[][o.s.s.p.ServerPluginRepository] Deploy plugin SonarPython / 1.11.0.2473 / 3ec86bb66699ff9ccf2c00c84f360210eb3ffd8d
2022.11.10 21:08:59 INFO  web[][o.s.s.p.ServerPluginRepository] Deploy plugin SonarRuby / 1.4.0.155 / f71ae433edd0c1f1dbab3fed4d755ef17aef8573
2022.11.10 21:08:59 INFO  web[][o.s.s.p.ServerPluginRepository] Deploy plugin SonarScala / 1.4.0.155 / f71ae433edd0c1f1dbab3fed4d755ef17aef8573
2022.11.10 21:08:59 INFO  web[][o.s.s.p.ServerPluginRepository] Deploy plugin SonarTS / 1.9.0.3766 / 4a4080b78001a78d758d1d0fa0190fb9496b6f57
2022.11.10 21:08:59 INFO  web[][o.s.s.p.ServerPluginRepository] Deploy plugin SonarVB / 7.10.0.7896 / 4e51d150065288432fd1411d29d5aebf2ab7f133
2022.11.10 21:08:59 INFO  web[][o.s.s.p.ServerPluginRepository] Deploy plugin SonarXML / 2.0.1.2020 / c5b84004face582d56f110e24c29bf9c6a679e69
2022.11.10 21:08:59 INFO  web[][o.s.s.p.ServerPluginRepository] Deploy plugin Svn / 1.9.0.1295 / 942e075773975354e32691a60bfd968065703e04
2022.11.10 21:08:59 INFO  web[][o.s.s.p.ServerPluginRepository] Deploy plugin Swift (Backelite) / 0.4.6
2022.11.10 21:09:00 INFO  web[][o.s.s.p.w.MasterServletFilter] Initializing servlet filter org.sonar.server.ws.WebServiceFilter@6f41e7c0 [pattern=UrlPattern{inclusions=[/api/system/migrate_db.*, ...], exclusions=[/api/properties*, ...]}]
2022.11.10 21:09:00 INFO  web[][o.s.s.a.EmbeddedTomcat] HTTP connector enabled on port 9000
2022.11.10 21:09:01 INFO  web[][o.s.s.p.UpdateCenterClient] Update center: https://update.sonarsource.org/update-center.properties (no proxy)
2022.11.10 21:09:01 INFO  web[][o.s.s.s.LogServerId] Server ID: BF41A1F2-AYRiIpCQopdA3gb8gHzr
2022.11.10 21:09:01 WARN  web[][o.s.a.s.w.WebService$Action] The response example is not set on action api/plugins/download
2022.11.10 21:09:01 WARN  web[][o.s.a.s.w.WebService$Action] The response example is not set on action api/permissions/search_templates
2022.11.10 21:09:01 INFO  web[][o.s.s.t.TelemetryDaemon] Sharing of SonarQube statistics is enabled.
2022.11.10 21:09:01 INFO  web[][o.s.s.n.NotificationDaemon] Notification service started (delay 60 sec.)
2022.11.10 21:09:01 INFO  web[][o.s.s.s.GeneratePluginIndex] Generate scanner plugin index
2022.11.10 21:09:01 INFO  web[][o.s.s.s.RegisterPlugins] Register plugins
2022.11.10 21:09:01 INFO  web[][o.s.s.s.RegisterMetrics] Register metrics
2022.11.10 21:09:01 INFO  web[][o.s.s.r.RegisterRules] Register rules
2022.11.10 21:09:05 INFO  web[][o.s.s.q.BuiltInQProfileRepositoryImpl] Load quality profiles
2022.11.10 21:09:05 INFO  web[][c.b.s.s.i.SwiftProfile] Creating Swift Profile
2022.11.10 21:09:05 INFO  web[][c.b.s.o.i.ObjectiveCProfile] Creating Objective-C Profile
2022.11.10 21:09:05 INFO  web[][c.b.s.s.i.s.SwiftLintProfile] Creating SwiftLint Profile
2022.11.10 21:09:05 INFO  web[][c.b.s.s.i.t.TailorProfile] Creating Tailor Profile
2022.11.10 21:09:05 INFO  web[][c.b.s.o.i.o.OCLintProfile] Creating OCLint Profile
2022.11.10 21:09:05 INFO  web[][c.b.s.o.i.f.FauxPasProfile] Creating FauxPas Profile
2022.11.10 21:09:05 INFO  web[][o.s.s.q.RegisterQualityProfiles] Register quality profiles
2022.11.10 21:09:05 INFO  web[][o.s.s.q.RegisterQualityProfiles] Update profile css/Sonar way
2022.11.10 21:09:05 INFO  web[][o.s.s.q.RegisterQualityProfiles] Update profile scala/Sonar way
2022.11.10 21:09:05 INFO  web[][o.s.s.q.RegisterQualityProfiles] Update profile jsp/Sonar way
2022.11.10 21:09:05 INFO  web[][o.s.s.q.RegisterQualityProfiles] Update profile go/Sonar way
2022.11.10 21:09:05 INFO  web[][o.s.s.q.RegisterQualityProfiles] Update profile kotlin/Sonar way
2022.11.10 21:09:05 INFO  web[][o.s.s.q.RegisterQualityProfiles] Update profile js/Sonar way Recommended
2022.11.10 21:09:05 INFO  web[][o.s.s.q.RegisterQualityProfiles] Update profile js/Sonar way
2022.11.10 21:09:05 INFO  web[][o.s.s.q.RegisterQualityProfiles] Update profile py/Sonar way
2022.11.10 21:09:05 INFO  web[][o.s.s.q.RegisterQualityProfiles] Update profile ruby/Sonar way
2022.11.10 21:09:06 INFO  web[][o.s.s.q.RegisterQualityProfiles] Update profile cs/Sonar way
2022.11.10 21:09:06 INFO  web[][o.s.s.q.RegisterQualityProfiles] Update profile java/Sonar way
2022.11.10 21:09:06 INFO  web[][o.s.s.q.RegisterQualityProfiles] Update profile web/Sonar way
2022.11.10 21:09:06 INFO  web[][o.s.s.q.RegisterQualityProfiles] Update profile xml/Sonar way
2022.11.10 21:09:06 INFO  web[][o.s.s.q.RegisterQualityProfiles] Update profile flex/Sonar way
2022.11.10 21:09:06 INFO  web[][o.s.s.q.RegisterQualityProfiles] Update profile php/PSR-2
2022.11.10 21:09:06 INFO  web[][o.s.s.q.RegisterQualityProfiles] Update profile php/Drupal
2022.11.10 21:09:06 INFO  web[][o.s.s.q.RegisterQualityProfiles] Update profile php/Sonar way
2022.11.10 21:09:06 INFO  web[][o.s.s.q.RegisterQualityProfiles] Update profile vbnet/Sonar way
2022.11.10 21:09:06 INFO  web[][o.s.s.q.RegisterQualityProfiles] Update profile ts/Sonar way
2022.11.10 21:09:06 INFO  web[][o.s.s.q.RegisterQualityProfiles] Update profile ts/Sonar way recommended
2022.11.10 21:09:06 INFO  web[][o.s.s.q.RegisterQualityProfiles] Update profile objc/Objective-C
2022.11.10 21:09:06 INFO  web[][o.s.s.q.RegisterQualityProfiles] Update profile objc/OCLint
2022.11.10 21:09:06 INFO  web[][o.s.s.q.RegisterQualityProfiles] Update profile objc/FauxPas
2022.11.10 21:09:06 INFO  web[][o.s.s.q.RegisterQualityProfiles] Update profile swift/Swift
2022.11.10 21:09:06 INFO  web[][o.s.s.q.RegisterQualityProfiles] Update profile swift/SwiftLint
2022.11.10 21:09:06 INFO  web[][o.s.s.q.RegisterQualityProfiles] Update profile swift/Tailor
2022.11.10 21:09:07 INFO  web[][o.s.s.s.RegisterPermissionTemplates] Register permission templates
2022.11.10 21:09:07 INFO  web[][o.s.s.s.RenameDeprecatedPropertyKeys] Rename deprecated property keys
2022.11.10 21:09:07 INFO  web[][o.s.s.p.w.MasterServletFilter] Initializing servlet filter org.sonar.server.ws.WebServiceFilter@a7ffa8f [pattern=UrlPattern{inclusions=[/api/issues/delete_comment.*, ...], exclusions=[/api/properties*, ...]}]
2022.11.10 21:09:07 INFO  web[][o.s.s.p.w.MasterServletFilter] Initializing servlet filter org.sonar.server.ws.DeprecatedPropertiesWsFilter@3d699ae7 [pattern=UrlPattern{inclusions=[/api/properties/*], exclusions=[]}]
2022.11.10 21:09:07 INFO  web[][o.s.s.p.w.MasterServletFilter] Initializing servlet filter org.sonar.server.ws.WebServiceReroutingFilter@23f92aa2 [pattern=UrlPattern{inclusions=[/api/components/bulk_update_key, ...], exclusions=[]}]
2022.11.10 21:09:07 INFO  web[][o.s.s.p.w.MasterServletFilter] Initializing servlet filter org.sonar.server.authentication.InitFilter@7cf8e6b0 [pattern=UrlPattern{inclusions=[/sessions/init/*], exclusions=[]}]
2022.11.10 21:09:07 INFO  web[][o.s.s.p.w.MasterServletFilter] Initializing servlet filter org.sonar.server.authentication.OAuth2CallbackFilter@3cfdf033 [pattern=UrlPattern{inclusions=[/oauth2/callback/*], exclusions=[]}]
2022.11.10 21:09:07 INFO  web[][o.s.s.p.w.MasterServletFilter] Initializing servlet filter org.sonar.server.authentication.ws.LoginAction@64ca97f7 [pattern=UrlPattern{inclusions=[/api/authentication/login], exclusions=[]}]
2022.11.10 21:09:07 INFO  web[][o.s.s.p.w.MasterServletFilter] Initializing servlet filter org.sonar.server.authentication.ws.LogoutAction@3ab0c676 [pattern=UrlPattern{inclusions=[/api/authentication/logout], exclusions=[]}]
2022.11.10 21:09:07 INFO  web[][o.s.s.p.w.MasterServletFilter] Initializing servlet filter org.sonar.server.authentication.ws.ValidateAction@34c90e28 [pattern=UrlPattern{inclusions=[/api/authentication/validate], exclusions=[]}]
2022.11.10 21:09:07 INFO  web[][o.s.s.p.p.PlatformLevelStartup] Running Community Edition
2022.11.10 21:09:07 INFO  web[][o.s.s.p.Platform] WebServer is operational
